<?xml version="1.0" encoding="UTF-8"?>
<!-- Generated by org.testng.reporters.JUnitReportReporter -->
<testsuite skipped="0" hostname="nshibaha-mobl" name="com.weather.tests.WeatherComparatorTestCombined" tests="4" failures="0" timestamp="31 Dec 2020 07:33:13 GMT" time="53.206" errors="0">
  <testcase name="weatherApiTest" time="2.566" classname="com.weather.tests.WeatherComparatorTestCombined"/>
  <testcase name="configureDataCheck" time="0.001" classname="com.weather.tests.WeatherComparatorTestCombined"/>
  <testcase name="registrationPage" time="50.638" classname="com.weather.tests.WeatherComparatorTestCombined"/>
  <testcase name="comparatorTest" time="0.001" classname="com.weather.tests.WeatherComparatorTestCombined"/>
</testsuite> <!-- com.weather.tests.WeatherComparatorTestCombined -->
